  OOP.cpp
C:\Users\abdel\source\repos\OOP\OOP\clsString.h(39,1): warning C4267: 'return': conversion from 'size_t' to 'short', possible loss of data
C:\Users\abdel\source\repos\OOP\OOP\clsString.h(44,1): warning C4267: 'return': conversion from 'size_t' to 'short', possible loss of data
C:\Users\abdel\source\repos\OOP\OOP\clsString.h(56,1): warning C4267: '=': conversion from 'size_t' to 'short', possible loss of data
C:\Users\abdel\source\repos\OOP\OOP\clsString.h(193,1): warning C4267: 'return': conversion from 'size_t' to 'short', possible loss of data
C:\Users\abdel\source\repos\OOP\OOP\clsString.h(324,1): warning C4267: '=': conversion from 'size_t' to 'short', possible loss of data
C:\Users\abdel\source\repos\OOP\OOP\clsString.h(372,1): warning C4267: 'initializing': conversion from 'size_t' to 'short', possible loss of data
C:\Users\abdel\source\repos\OOP\OOP\clsUtil.h(64,5): warning C4102: 'defualt': unreferenced label
C:\Users\abdel\source\repos\OOP\OOP\clsUser.h(199,5): warning C4240: nonstandard extension used: access to 'clsUser::stLoginRegisterRecord' now defined to be 'public', previously it was defined to be 'private'
C:\Users\abdel\source\repos\OOP\OOP\clsUser.h(26,12): message : see declaration of 'clsUser::stLoginRegisterRecord'
C:\Users\abdel\source\repos\OOP\OOP\clsInputValidate.h(112,16): warning C4244: 'initializing': conversion from 'double' to 'float', possible loss of data
C:\Users\abdel\source\repos\OOP\OOP\clsInputValidate.h(116,26): warning C4244: '=': conversion from 'double' to 'float', possible loss of data
C:\Users\abdel\source\repos\OOP\OOP\clsBankClient.h(207,5): warning C4240: nonstandard extension used: access to 'clsBankClient::stTrnsferLogRecord' now defined to be 'public', previously it was defined to be 'private'
C:\Users\abdel\source\repos\OOP\OOP\clsBankClient.h(152,12): message : see declaration of 'clsBankClient::stTrnsferLogRecord'
C:\Users\abdel\source\repos\OOP\OOP\clsBankClient.h(28,65): warning C4244: 'argument': conversion from 'double' to 'float', possible loss of data
C:\Users\abdel\source\repos\OOP\OOP\clsBankClient.h(162,39): warning C4244: '=': conversion from 'double' to 'float', possible loss of data
C:\Users\abdel\source\repos\OOP\OOP\clsBankClient.h(163,48): warning C4244: '=': conversion from 'double' to 'float', possible loss of data
C:\Users\abdel\source\repos\OOP\OOP\clsBankClient.h(164,49): warning C4244: '=': conversion from 'double' to 'float', possible loss of data
C:\Users\abdel\source\repos\OOP\OOP\clsBankClient.h(421,28): warning C4244: '+=': conversion from 'double' to 'float', possible loss of data
C:\Users\abdel\source\repos\OOP\OOP\clsBankClient.h(434,32): warning C4244: '-=': conversion from 'double' to 'float', possible loss of data
C:\Users\abdel\source\repos\OOP\OOP\clsAddNewClientScreen.h(30,66): warning C4244: 'argument': conversion from 'double' to 'float', possible loss of data
C:\Users\abdel\source\repos\OOP\OOP\clsUpdateClientScreen.h(47,66): warning C4244: 'argument': conversion from 'double' to 'float', possible loss of data
C:\Users\abdel\source\repos\OOP\OOP\clsTotalBalancesScreen.h(57,82): warning C4244: 'argument': conversion from 'double' to 'int', possible loss of data
C:\Users\abdel\source\repos\OOP\OOP\clsTransferScreen.h(42,51): warning C4244: '=': conversion from 'double' to 'float', possible loss of data
C:\Users\abdel\source\repos\OOP\OOP\clsTransferScreen.h(47,53): warning C4244: '=': conversion from 'double' to 'float', possible loss of data
C:\Users\abdel\source\repos\OOP\OOP\clsCurrency.h(27,17): warning C4244: 'argument': conversion from 'double' to 'float', possible loss of data
C:\Users\abdel\source\repos\OOP\OOP\clsUpdateCurrencyRateScreen.h(17,52): warning C4244: '=': conversion from 'double' to 'float', possible loss of data
C:\Users\abdel\source\repos\OOP\OOP\clsCurrencyCalculatorScreen.h(17,51): warning C4244: '=': conversion from 'double' to 'float', possible loss of data
C:\Users\abdel\source\repos\OOP\OOP\clsBankClient.h(376): warning C4715: 'clsBankClient::Save': not all control paths return a value
C:\Users\abdel\source\repos\OOP\OOP\clsUser.h(360): warning C4715: 'clsUser::Save': not all control paths return a value
C:\Users\abdel\source\repos\OOP\OOP\clsBankClient.h(438): warning C4715: 'clsBankClient::Withdraw': not all control paths return a value
  OOP.vcxproj -> C:\Users\abdel\source\repos\OOP\x64\Debug\OOP.exe
